 ============================>     TALLY 1     <============================

 Distributed Cell u5->c7->l4(4,-10)->u2->c4
   Total Material
     Flux                                 0.0123841 +/- 0.00028887
 Distributed Cell u5->c7->l4(6,-10)->u2->c4
   Total Material
     Flux                                 0.0124154 +/- 0.000277974
 Distributed Cell u5->c7->l4(0,-9)->u2->c4
   Total Material
     Flux                                 0.0108432 +/- 0.000276592
 Distributed Cell u5->c7->l4(1,-9)->u2->c4
   Total Material
     Flux                                 0.0139195 +/- 0.000310237
 Distributed Cell u5->c7->l4(2,-9)->u2->c4
   Total Material
     Flux                                 0.0160444 +/- 0.000312023
 Distributed Cell u5->c7->l4(3,-9)->u2->c4
   Total Material
     Flux                                 0.0176285 +/- 0.000288392
 Distributed Cell u5->c7->l4(4,-9)->u2->c4
   Total Material
     Flux                                 0.0183169 +/- 0.000344379
 Distributed Cell u5->c7->l4(5,-9)->u2->c4
   Total Material
     Flux                                 0.0187379 +/- 0.000315673
 Distributed Cell u5->c7->l4(6,-9)->u2->c4
   Total Material
     Flux                                 0.0180497 +/- 0.00036089
 Distributed Cell u5->c7->l4(7,-9)->u2->c4
   Total Material
     Flux                                 0.0166643 +/- 0.000322586
 Distributed Cell u5->c7->l4(8,-9)->u2->c4
   Total Material
     Flux                                 0.0144392 +/- 0.000316436
 Distributed Cell u5->c7->l4(9,-9)->u2->c4
   Total Material
     Flux                                 0.0113265 +/- 0.000257304
 Distributed Cell u5->c7->l4(-1,-8)->u2->c4
   Total Material
     Flux                                 0.0142718 +/- 0.000320412
 Distributed Cell u5->c7->l4(0,-8)->u2->c4
   Total Material
     Flux                                 0.017808 +/- 0.000320575
 Distributed Cell u5->c7->l4(1,-8)->u2->c4
   Total Material
     Flux                                 0.0209916 +/- 0.000337581
 Distributed Cell u5->c7->l4(2,-8)->u2->c4
   Total Material
     Flux                                 0.0228899 +/- 0.000400028
 Distributed Cell u5->c7->l4(3,-8)->u2->c4
   Total Material
     Flux                                 0.0254111 +/- 0.000372146
 Distributed Cell u5->c7->l4(4,-8)->u2->c4
   Total Material
     Flux                                 0.0255342 +/- 0.000329801
 Distributed Cell u5->c7->l4(5,-8)->u2->c4
   Total Material
     Flux                                 0.0254524 +/- 0.000381912
 Distributed Cell u5->c7->l4(6,-8)->u2->c4
   Total Material
     Flux                                 0.0239093 +/- 0.000438892
 Distributed Cell u5->c7->l4(7,-8)->u2->c4
   Total Material
     Flux                                 0.0212724 +/- 0.00039346
 Distributed Cell u5->c7->l4(8,-8)->u2->c4
   Total Material
     Flux                                 0.0180227 +/- 0.000335832
 Distributed Cell u5->c7->l4(9,-8)->u2->c4
   Total Material
     Flux                                 0.0137935 +/- 0.000305416
 Distributed Cell u5->c7->l4(-2,-7)->u2->c4
   Total Material
     Flux                                 0.0177469 +/- 0.000364355
 Distributed Cell u5->c7->l4(-1,-7)->u2->c4
   Total Material
     Flux                                 0.0222508 +/- 0.000409982
 Distributed Cell u5->c7->l4(0,-7)->u2->c4
   Total Material
     Flux                                 0.0259238 +/- 0.000414312
 Distributed Cell u5->c7->l4(1,-7)->u2->c4
   Total Material
     Flux                                 0.0295241 +/- 0.000409159
 Distributed Cell u5->c7->l4(2,-7)->u2->c4
   Total Material
     Flux                                 0.0320531 +/- 0.000455969
 Distributed Cell u5->c7->l4(3,-7)->u2->c4
   Total Material
     Flux                                 0.0322102 +/- 0.000471736
 Distributed Cell u5->c7->l4(4,-7)->u2->c4
   Total Material
     Flux                                 0.0323977 +/- 0.000411508
 Distributed Cell u5->c7->l4(5,-7)->u2->c4
   Total Material
     Flux                                 0.0308769 +/- 0.000486128
 Distributed Cell u5->c7->l4(6,-7)->u2->c4
   Total Material
     Flux                                 0.0292394 +/- 0.000468693
 Distributed Cell u5->c7->l4(7,-7)->u2->c4
   Total Material
     Flux                                 0.0253796 +/- 0.000425806
 Distributed Cell u5->c7->l4(8,-7)->u2->c4
   Total Material
     Flux                                 0.0208188 +/- 0.000369446
 Distributed Cell u5->c7->l4(9,-7)->u2->c4
   Total Material
     Flux                                 0.015565 +/- 0.00035301
 Distributed Cell u5->c7->l4(-4,-6)->u2->c4
   Total Material
     Flux                                 0.012753 +/- 0.000279652
 Distributed Cell u5->c7->l4(-3,-6)->u2->c4
   Total Material
     Flux                                 0.0192458 +/- 0.000373316
 Distributed Cell u5->c7->l4(-2,-6)->u2->c4
   Total Material
     Flux                                 0.0246247 +/- 0.00040886
 Distributed Cell u5->c7->l4(-1,-6)->u2->c4
   Total Material
     Flux                                 0.0301324 +/- 0.000461291
 Distributed Cell u5->c7->l4(0,-6)->u2->c4
   Total Material
     Flux                                 0.034294 +/- 0.000510734
 Distributed Cell u5->c7->l4(1,-6)->u2->c4
   Total Material
     Flux                                 0.0364088 +/- 0.0004808
 Distributed Cell u5->c7->l4(2,-6)->u2->c4
   Total Material
     Flux                                 0.0377534 +/- 0.000493693
 Distributed Cell u5->c7->l4(3,-6)->u2->c4
   Total Material
     Flux                                 0.0378607 +/- 0.000475015
 Distributed Cell u5->c7->l4(4,-6)->u2->c4
   Total Material
     Flux                                 0.037038 +/- 0.000485384
 Distributed Cell u5->c7->l4(5,-6)->u2->c4
   Total Material
     Flux                                 0.0370952 +/- 0.000495379
 Distributed Cell u5->c7->l4(6,-6)->u2->c4
   Total Material
     Flux                                 0.0337453 +/- 0.00050493
 Distributed Cell u5->c7->l4(7,-6)->u2->c4
   Total Material
     Flux                                 0.0280569 +/- 0.0005004
 Distributed Cell u5->c7->l4(8,-6)->u2->c4
   Total Material
     Flux                                 0.0226841 +/- 0.000415043
 Distributed Cell u5->c7->l4(9,-6)->u2->c4
   Total Material
     Flux                                 0.0170611 +/- 0.000326454
 Distributed Cell u5->c7->l4(10,-6)->u2->c4
   Total Material
     Flux                                 0.012269 +/- 0.000291908
 Distributed Cell u5->c7->l4(-4,-5)->u2->c4
   Total Material
     Flux                                 0.019856 +/- 0.000383805
 Distributed Cell u5->c7->l4(-3,-5)->u2->c4
   Total Material
     Flux                                 0.0260275 +/- 0.000442383
 Distributed Cell u5->c7->l4(-2,-5)->u2->c4
   Total Material
     Flux                                 0.032055 +/- 0.000493616
 Distributed Cell u5->c7->l4(-1,-5)->u2->c4
   Total Material
     Flux                                 0.0378367 +/- 0.000510311
 Distributed Cell u5->c7->l4(0,-5)->u2->c4
   Total Material
     Flux                                 0.0408342 +/- 0.000556549
 Distributed Cell u5->c7->l4(1,-5)->u2->c4
   Total Material
     Flux                                 0.0424694 +/- 0.000548449
 Distributed Cell u5->c7->l4(2,-5)->u2->c4
   Total Material
     Flux                                 0.0433179 +/- 0.000565934
 Distributed Cell u5->c7->l4(3,-5)->u2->c4
   Total Material
     Flux                                 0.0427591 +/- 0.000518091
 Distributed Cell u5->c7->l4(4,-5)->u2->c4
   Total Material
     Flux                                 0.0423463 +/- 0.000590667
 Distributed Cell u5->c7->l4(5,-5)->u2->c4
   Total Material
     Flux                                 0.0402996 +/- 0.000596751
 Distributed Cell u5->c7->l4(6,-5)->u2->c4
   Total Material
     Flux                                 0.0356568 +/- 0.000543757
 Distributed Cell u5->c7->l4(7,-5)->u2->c4
   Total Material
     Flux                                 0.0299388 +/- 0.0004186
 Distributed Cell u5->c7->l4(8,-5)->u2->c4
   Total Material
     Flux                                 0.0244731 +/- 0.000464334
 Distributed Cell u5->c7->l4(9,-5)->u2->c4
   Total Material
     Flux                                 0.0189017 +/- 0.00034389
 Distributed Cell u5->c7->l4(-6,-4)->u2->c4
   Total Material
     Flux                                 0.0132413 +/- 0.000298582
 Distributed Cell u5->c7->l4(-5,-4)->u2->c4
   Total Material
     Flux                                 0.0196082 +/- 0.000356918
 Distributed Cell u5->c7->l4(-4,-4)->u2->c4
   Total Material
     Flux                                 0.027713 +/- 0.000414262
 Distributed Cell u5->c7->l4(-3,-4)->u2->c4
   Total Material
     Flux                                 0.0333252 +/- 0.000442063
 Distributed Cell u5->c7->l4(-2,-4)->u2->c4
   Total Material
     Flux                                 0.0397223 +/- 0.000564428
 Distributed Cell u5->c7->l4(-1,-4)->u2->c4
   Total Material
     Flux                                 0.0436463 +/- 0.000506595
 Distributed Cell u5->c7->l4(0,-4)->u2->c4
   Total Material
     Flux                                 0.046652 +/- 0.000550091
 Distributed Cell u5->c7->l4(1,-4)->u2->c4
   Total Material
     Flux                                 0.0477978 +/- 0.000561648
 Distributed Cell u5->c7->l4(2,-4)->u2->c4
   Total Material
     Flux                                 0.0481901 +/- 0.000514706
 Distributed Cell u5->c7->l4(3,-4)->u2->c4
   Total Material
     Flux                                 0.0477098 +/- 0.000531681
 Distributed Cell u5->c7->l4(4,-4)->u2->c4
   Total Material
     Flux                                 0.0449957 +/- 0.000602308
 Distributed Cell u5->c7->l4(5,-4)->u2->c4
   Total Material
     Flux                                 0.0425303 +/- 0.000579214
 Distributed Cell u5->c7->l4(6,-4)->u2->c4
   Total Material
     Flux                                 0.0367902 +/- 0.000486349
 Distributed Cell u5->c7->l4(7,-4)->u2->c4
   Total Material
     Flux                                 0.0311021 +/- 0.000485872
 Distributed Cell u5->c7->l4(8,-4)->u2->c4
   Total Material
     Flux                                 0.024627 +/- 0.000403154
 Distributed Cell u5->c7->l4(9,-4)->u2->c4
   Total Material
     Flux                                 0.0182537 +/- 0.000311217
 Distributed Cell u5->c7->l4(10,-4)->u2->c4
   Total Material
     Flux                                 0.0123906 +/- 0.000290892
 Distributed Cell u5->c7->l4(-6,-3)->u2->c4
   Total Material
     Flux                                 0.0190544 +/- 0.000313225
 Distributed Cell u5->c7->l4(-5,-3)->u2->c4
   Total Material
     Flux                                 0.0267317 +/- 0.000375404
 Distributed Cell u5->c7->l4(-4,-3)->u2->c4
   Total Material
     Flux                                 0.0336501 +/- 0.000447468
 Distributed Cell u5->c7->l4(-3,-3)->u2->c4
   Total Material
     Flux                                 0.0407243 +/- 0.000488073
 Distributed Cell u5->c7->l4(-2,-3)->u2->c4
   Total Material
     Flux                                 0.0451467 +/- 0.00054415
 Distributed Cell u5->c7->l4(-1,-3)->u2->c4
   Total Material
     Flux                                 0.048637 +/- 0.000459611
 Distributed Cell u5->c7->l4(0,-3)->u2->c4
   Total Material
     Flux                                 0.049613 +/- 0.000513863
 Distributed Cell u5->c7->l4(1,-3)->u2->c4
   Total Material
     Flux                                 0.0511025 +/- 0.000579595
 Distributed Cell u5->c7->l4(2,-3)->u2->c4
   Total Material
     Flux                                 0.0519723 +/- 0.000559125
 Distributed Cell u5->c7->l4(3,-3)->u2->c4
   Total Material
     Flux                                 0.0500757 +/- 0.000499202
 Distributed Cell u5->c7->l4(4,-3)->u2->c4
   Total Material
     Flux                                 0.0478632 +/- 0.000574524
 Distributed Cell u5->c7->l4(5,-3)->u2->c4
   Total Material
     Flux                                 0.0428394 +/- 0.000528651
 Distributed Cell u5->c7->l4(6,-3)->u2->c4
   Total Material
     Flux                                 0.0387626 +/- 0.000549399
 Distributed Cell u5->c7->l4(7,-3)->u2->c4
   Total Material
     Flux                                 0.0315805 +/- 0.000485973
 Distributed Cell u5->c7->l4(8,-3)->u2->c4
   Total Material
     Flux                                 0.0245499 +/- 0.000396966
 Distributed Cell u5->c7->l4(9,-3)->u2->c4
   Total Material
     Flux                                 0.0176758 +/- 0.000306642
 Distributed Cell u5->c7->l4(-7,-2)->u2->c4
   Total Material
     Flux                                 0.0178035 +/- 0.00031534
 Distributed Cell u5->c7->l4(-6,-2)->u2->c4
   Total Material
     Flux                                 0.0251986 +/- 0.000392457
 Distributed Cell u5->c7->l4(-5,-2)->u2->c4
   Total Material
     Flux                                 0.0320007 +/- 0.000406704
 Distributed Cell u5->c7->l4(-4,-2)->u2->c4
   Total Material
     Flux                                 0.0403259 +/- 0.000474656
 Distributed Cell u5->c7->l4(-3,-2)->u2->c4
   Total Material
     Flux                                 0.0454664 +/- 0.000447249
 Distributed Cell u5->c7->l4(-2,-2)->u2->c4
   Total Material
     Flux                                 0.0500272 +/- 0.00049953
 Distributed Cell u5->c7->l4(-1,-2)->u2->c4
   Total Material
     Flux                                 0.0524212 +/- 0.000534937
 Distributed Cell u5->c7->l4(0,-2)->u2->c4
   Total Material
     Flux                                 0.053944 +/- 0.000596907
 Distributed Cell u5->c7->l4(1,-2)->u2->c4
   Total Material
     Flux                                 0.0550612 +/- 0.00048148
 Distributed Cell u5->c7->l4(2,-2)->u2->c4
   Total Material
     Flux                                 0.0546005 +/- 0.000583169
 Distributed Cell u5->c7->l4(3,-2)->u2->c4
   Total Material
     Flux                                 0.0523296 +/- 0.000606565
 Distributed Cell u5->c7->l4(4,-2)->u2->c4
   Total Material
     Flux                                 0.0484801 +/- 0.000637408
 Distributed Cell u5->c7->l4(5,-2)->u2->c4
   Total Material
     Flux                                 0.0435448 +/- 0.000561279
 Distributed Cell u5->c7->l4(6,-2)->u2->c4
   Total Material
     Flux                                 0.0382743 +/- 0.000500171
 Distributed Cell u5->c7->l4(7,-2)->u2->c4
   Total Material
     Flux                                 0.0309564 +/- 0.000443358
 Distributed Cell u5->c7->l4(8,-2)->u2->c4
   Total Material
     Flux                                 0.0235017 +/- 0.0004397
 Distributed Cell u5->c7->l4(9,-2)->u2->c4
   Total Material
     Flux                                 0.0168348 +/- 0.000314368
 Distributed Cell u5->c7->l4(-8,-1)->u2->c4
   Total Material
     Flux                                 0.0150378 +/- 0.000326659
 Distributed Cell u5->c7->l4(-7,-1)->u2->c4
   Total Material
     Flux                                 0.0228034 +/- 0.000372888
 Distributed Cell u5->c7->l4(-6,-1)->u2->c4
   Total Material
     Flux                                 0.0305282 +/- 0.000394592
 Distributed Cell u5->c7->l4(-5,-1)->u2->c4
   Total Material
     Flux                                 0.0374646 +/- 0.00043934
 Distributed Cell u5->c7->l4(-4,-1)->u2->c4
   Total Material
     Flux                                 0.0440241 +/- 0.000496753
 Distributed Cell u5->c7->l4(-3,-1)->u2->c4
   Total Material
     Flux                                 0.0499798 +/- 0.000566238
 Distributed Cell u5->c7->l4(-2,-1)->u2->c4
   Total Material
     Flux                                 0.05305 +/- 0.000579453
 Distributed Cell u5->c7->l4(-1,-1)->u2->c4
   Total Material
     Flux                                 0.0552659 +/- 0.000586478
 Distributed Cell u5->c7->l4(0,-1)->u2->c4
   Total Material
     Flux                                 0.0557081 +/- 0.000588347
 Distributed Cell u5->c7->l4(1,-1)->u2->c4
   Total Material
     Flux                                 0.0563644 +/- 0.000598282
 Distributed Cell u5->c7->l4(2,-1)->u2->c4
   Total Material
     Flux                                 0.0558482 +/- 0.000602928
 Distributed Cell u5->c7->l4(3,-1)->u2->c4
   Total Material
     Flux                                 0.0525941 +/- 0.000642396
 Distributed Cell u5->c7->l4(4,-1)->u2->c4
   Total Material
     Flux                                 0.0481851 +/- 0.000625113
 Distributed Cell u5->c7->l4(5,-1)->u2->c4
   Total Material
     Flux                                 0.0430716 +/- 0.000598284
 Distributed Cell u5->c7->l4(6,-1)->u2->c4
   Total Material
     Flux                                 0.0362941 +/- 0.000494313
 Distributed Cell u5->c7->l4(7,-1)->u2->c4
   Total Material
     Flux                                 0.0284881 +/- 0.000453698
 Distributed Cell u5->c7->l4(8,-1)->u2->c4
   Total Material
     Flux                                 0.0222859 +/- 0.000375623
 Distributed Cell u5->c7->l4(9,-1)->u2->c4
   Total Material
     Flux                                 0.0144388 +/- 0.000260844
 Distributed Cell u5->c7->l4(-9,0)->u2->c4
   Total Material
     Flux                                 0.0118615 +/- 0.000281822
 Distributed Cell u5->c7->l4(-8,0)->u2->c4
   Total Material
     Flux                                 0.0183994 +/- 0.0002991
 Distributed Cell u5->c7->l4(-7,0)->u2->c4
   Total Material
     Flux                                 0.0266762 +/- 0.000391729
 Distributed Cell u5->c7->l4(-6,0)->u2->c4
   Total Material
     Flux                                 0.0341137 +/- 0.000444616
 Distributed Cell u5->c7->l4(-5,0)->u2->c4
   Total Material
     Flux                                 0.0419099 +/- 0.00053858
 Distributed Cell u5->c7->l4(-4,0)->u2->c4
   Total Material
     Flux                                 0.0475999 +/- 0.000557506
 Distributed Cell u5->c7->l4(-3,0)->u2->c4
   Total Material
     Flux                                 0.0514469 +/- 0.000488771
 Distributed Cell u5->c7->l4(-2,0)->u2->c4
   Total Material
     Flux                                 0.0549214 +/- 0.000542455
 Distributed Cell u5->c7->l4(-1,0)->u2->c4
   Total Material
     Flux                                 0.0571922 +/- 0.000566387
 Distributed Cell u5->c7->l4(1,0)->u2->c4
   Total Material
     Flux                                 0.0579878 +/- 0.000609556
 Distributed Cell u5->c7->l4(2,0)->u2->c4
   Total Material
     Flux                                 0.0544553 +/- 0.000641443
 Distributed Cell u5->c7->l4(3,0)->u2->c4
   Total Material
     Flux                                 0.0506644 +/- 0.00059237
 Distributed Cell u5->c7->l4(4,0)->u2->c4
   Total Material
     Flux                                 0.0462432 +/- 0.000585328
 Distributed Cell u5->c7->l4(5,0)->u2->c4
   Total Material
     Flux                                 0.0402179 +/- 0.000519259
 Distributed Cell u5->c7->l4(6,0)->u2->c4
   Total Material
     Flux                                 0.0333913 +/- 0.000448475
 Distributed Cell u5->c7->l4(7,0)->u2->c4
   Total Material
     Flux                                 0.0258815 +/- 0.000344928
 Distributed Cell u5->c7->l4(8,0)->u2->c4
   Total Material
     Flux                                 0.0181545 +/- 0.000308429
 Distributed Cell u5->c7->l4(9,0)->u2->c4
   Total Material
     Flux                                 0.011481 +/- 0.000226596
 Distributed Cell u5->c7->l4(-9,1)->u2->c4
   Total Material
     Flux                                 0.0149086 +/- 0.000305981
 Distributed Cell u5->c7->l4(-8,1)->u2->c4
   Total Material
     Flux                                 0.0219234 +/- 0.0003345
 Distributed Cell u5->c7->l4(-7,1)->u2->c4
   Total Material
     Flux                                 0.0297451 +/- 0.000398907
 Distributed Cell u5->c7->l4(-6,1)->u2->c4
   Total Material
     Flux                                 0.0376459 +/- 0.000461369
 Distributed Cell u5->c7->l4(-5,1)->u2->c4
   Total Material
     Flux                                 0.0447622 +/- 0.000590158
 Distributed Cell u5->c7->l4(-4,1)->u2->c4
   Total Material
     Flux                                 0.0496203 +/- 0.000587691
 Distributed Cell u5->c7->l4(-3,1)->u2->c4
   Total Material
     Flux                                 0.0545339 +/- 0.000505629
 Distributed Cell u5->c7->l4(-2,1)->u2->c4
   Total Material
     Flux                                 0.0554989 +/- 0.000600975
 Distributed Cell u5->c7->l4(-1,1)->u2->c4
   Total Material
     Flux                                 0.0572088 +/- 0.000576077
 Distributed Cell u5->c7->l4(0,1)->u2->c4
   Total Material
     Flux                                 0.0578076 +/- 0.000627739
 Distributed Cell u5->c7->l4(1,1)->u2->c4
   Total Material
     Flux                                 0.0561279 +/- 0.000571898
 Distributed Cell u5->c7->l4(2,1)->u2->c4
   Total Material
     Flux                                 0.0535314 +/- 0.000461015
 Distributed Cell u5->c7->l4(3,1)->u2->c4
   Total Material
     Flux                                 0.0484232 +/- 0.000576713
 Distributed Cell u5->c7->l4(4,1)->u2->c4
   Total Material
     Flux                                 0.042891 +/- 0.000591901
 Distributed Cell u5->c7->l4(5,1)->u2->c4
   Total Material
     Flux                                 0.0360157 +/- 0.000457407
 Distributed Cell u5->c7->l4(6,1)->u2->c4
   Total Material
     Flux                                 0.0288847 +/- 0.000439717
 Distributed Cell u5->c7->l4(7,1)->u2->c4
   Total Material
     Flux                                 0.0213515 +/- 0.000348288
 Distributed Cell u5->c7->l4(8,1)->u2->c4
   Total Material
     Flux                                 0.0145497 +/- 0.000243023
 Distributed Cell u5->c7->l4(-9,2)->u2->c4
   Total Material
     Flux                                 0.0170213 +/- 0.000339134
 Distributed Cell u5->c7->l4(-8,2)->u2->c4
   Total Material
     Flux                                 0.0237006 +/- 0.000373696
 Distributed Cell u5->c7->l4(-7,2)->u2->c4
   Total Material
     Flux                                 0.0324592 +/- 0.000493816
 Distributed Cell u5->c7->l4(-6,2)->u2->c4
   Total Material
     Flux                                 0.040354 +/- 0.000588579
 Distributed Cell u5->c7->l4(-5,2)->u2->c4
   Total Material
     Flux                                 0.0449471 +/- 0.000490436
 Distributed Cell u5->c7->l4(-4,2)->u2->c4
   Total Material
     Flux                                 0.0498204 +/- 0.000492615
 Distributed Cell u5->c7->l4(-3,2)->u2->c4
   Total Material
     Flux                                 0.0536375 +/- 0.000559102
 Distributed Cell u5->c7->l4(-2,2)->u2->c4
   Total Material
     Flux                                 0.0556356 +/- 0.000594668
 Distributed Cell u5->c7->l4(-1,2)->u2->c4
   Total Material
     Flux                                 0.0568618 +/- 0.000530476
 Distributed Cell u5->c7->l4(0,2)->u2->c4
   Total Material
     Flux                                 0.0562609 +/- 0.000524031
 Distributed Cell u5->c7->l4(1,2)->u2->c4
   Total Material
     Flux                                 0.0544656 +/- 0.000583684
 Distributed Cell u5->c7->l4(2,2)->u2->c4
   Total Material
     Flux                                 0.0491136 +/- 0.000540416
 Distributed Cell u5->c7->l4(3,2)->u2->c4
   Total Material
     Flux                                 0.0439579 +/- 0.000582841
 Distributed Cell u5->c7->l4(4,2)->u2->c4
   Total Material
     Flux                                 0.0388214 +/- 0.000440818
 Distributed Cell u5->c7->l4(5,2)->u2->c4
   Total Material
     Flux                                 0.0316801 +/- 0.00039427
 Distributed Cell u5->c7->l4(6,2)->u2->c4
   Total Material
     Flux                                 0.0242097 +/- 0.000364311
 Distributed Cell u5->c7->l4(7,2)->u2->c4
   Total Material
     Flux                                 0.016303 +/- 0.000302061
 Distributed Cell u5->c7->l4(-9,3)->u2->c4
   Total Material
     Flux                                 0.0186309 +/- 0.00035194
 Distributed Cell u5->c7->l4(-8,3)->u2->c4
   Total Material
     Flux                                 0.025698 +/- 0.000439606
 Distributed Cell u5->c7->l4(-7,3)->u2->c4
   Total Material
     Flux                                 0.0333933 +/- 0.00047629
 Distributed Cell u5->c7->l4(-6,3)->u2->c4
   Total Material
     Flux                                 0.0399863 +/- 0.000540998
 Distributed Cell u5->c7->l4(-5,3)->u2->c4
   Total Material
     Flux                                 0.0462584 +/- 0.000569799
 Distributed Cell u5->c7->l4(-4,3)->u2->c4
   Total Material
     Flux                                 0.0495958 +/- 0.000533601
 Distributed Cell u5->c7->l4(-3,3)->u2->c4
   Total Material
     Flux                                 0.0523404 +/- 0.000523964
 Distributed Cell u5->c7->l4(-2,3)->u2->c4
   Total Material
     Flux                                 0.0545882 +/- 0.000535312
 Distributed Cell u5->c7->l4(-1,3)->u2->c4
   Total Material
     Flux                                 0.0542808 +/- 0.000531275
 Distributed Cell u5->c7->l4(0,3)->u2->c4
   Total Material
     Flux                                 0.0520488 +/- 0.000582963
 Distributed Cell u5->c7->l4(1,3)->u2->c4
   Total Material
     Flux                                 0.0504427 +/- 0.000520582
 Distributed Cell u5->c7->l4(2,3)->u2->c4
   Total Material
     Flux                                 0.0447909 +/- 0.000530102
 Distributed Cell u5->c7->l4(3,3)->u2->c4
   Total Material
     Flux                                 0.039385 +/- 0.000577748
 Distributed Cell u5->c7->l4(4,3)->u2->c4
   Total Material
     Flux                                 0.0327087 +/- 0.000459976
 Distributed Cell u5->c7->l4(5,3)->u2->c4
   Total Material
     Flux                                 0.0258116 +/- 0.000436735
 Distributed Cell u5->c7->l4(6,3)->u2->c4
   Total Material
     Flux                                 0.0179957 +/- 0.000277524
 Distributed Cell u5->c7->l4(-10,4)->u2->c4
   Total Material
     Flux                                 0.0124415 +/- 0.000250016
 Distributed Cell u5->c7->l4(-9,4)->u2->c4
   Total Material
     Flux                                 0.0188287 +/- 0.000313639
 Distributed Cell u5->c7->l4(-8,4)->u2->c4
   Total Material
     Flux                                 0.0265606 +/- 0.000426546
 Distributed Cell u5->c7->l4(-7,4)->u2->c4
   Total Material
     Flux                                 0.033178 +/- 0.000420554
 Distributed Cell u5->c7->l4(-6,4)->u2->c4
   Total Material
     Flux                                 0.0392552 +/- 0.000543516
 Distributed Cell u5->c7->l4(-5,4)->u2->c4
   Total Material
     Flux                                 0.0452308 +/- 0.00054473
 Distributed Cell u5->c7->l4(-4,4)->u2->c4
   Total Material
     Flux                                 0.0471675 +/- 0.000490394
 Distributed Cell u5->c7->l4(-3,4)->u2->c4
   Total Material
     Flux                                 0.0506556 +/- 0.000525969
 Distributed Cell u5->c7->l4(-2,4)->u2->c4
   Total Material
     Flux                                 0.0508068 +/- 0.000572448
 Distributed Cell u5->c7->l4(-1,4)->u2->c4
   Total Material
     Flux                                 0.049836 +/- 0.000563369
 Distributed Cell u5->c7->l4(0,4)->u2->c4
   Total Material
     Flux                                 0.047157 +/- 0.0005258
 Distributed Cell u5->c7->l4(1,4)->u2->c4
   Total Material
     Flux                                 0.0440102 +/- 0.000512441
 Distributed Cell u5->c7->l4(2,4)->u2->c4
   Total Material
     Flux                                 0.0387033 +/- 0.000522582
 Distributed Cell u5->c7->l4(3,4)->u2->c4
   Total Material
     Flux                                 0.0327108 +/- 0.000481334
 Distributed Cell u5->c7->l4(4,4)->u2->c4
   Total Material
     Flux                                 0.0259267 +/- 0.000382971
 Distributed Cell u5->c7->l4(5,4)->u2->c4
   Total Material
     Flux                                 0.0192751 +/- 0.000327832
 Distributed Cell u5->c7->l4(6,4)->u2->c4
   Total Material
     Flux                                 0.012412 +/- 0.000313009
 Distributed Cell u5->c7->l4(-9,5)->u2->c4
   Total Material
     Flux                                 0.0193489 +/- 0.000365492
 Distributed Cell u5->c7->l4(-8,5)->u2->c4
   Total Material
     Flux                                 0.0262709 +/- 0.000450986
 Distributed Cell u5->c7->l4(-7,5)->u2->c4
   Total Material
     Flux                                 0.0328769 +/- 0.000479132
 Distributed Cell u5->c7->l4(-6,5)->u2->c4
   Total Material
     Flux                                 0.0370914 +/- 0.000497275
 Distributed Cell u5->c7->l4(-5,5)->u2->c4
   Total Material
     Flux                                 0.0406485 +/- 0.000489413
 Distributed Cell u5->c7->l4(-4,5)->u2->c4
   Total Material
     Flux                                 0.0438216 +/- 0.000512186
 Distributed Cell u5->c7->l4(-3,5)->u2->c4
   Total Material
     Flux                                 0.0462502 +/- 0.000554051
 Distributed Cell u5->c7->l4(-2,5)->u2->c4
   Total Material
     Flux                                 0.045095 +/- 0.000467104
 Distributed Cell u5->c7->l4(-1,5)->u2->c4
   Total Material
     Flux                                 0.0447208 +/- 0.00052081
 Distributed Cell u5->c7->l4(0,5)->u2->c4
   Total Material
     Flux                                 0.0408865 +/- 0.000476012
 Distributed Cell u5->c7->l4(1,5)->u2->c4
   Total Material
     Flux                                 0.0369945 +/- 0.00056346
 Distributed Cell u5->c7->l4(2,5)->u2->c4
   Total Material
     Flux                                 0.0316985 +/- 0.000500248
 Distributed Cell u5->c7->l4(3,5)->u2->c4
   Total Material
     Flux                                 0.0264291 +/- 0.000432156
 Distributed Cell u5->c7->l4(4,5)->u2->c4
   Total Material
     Flux                                 0.0194116 +/- 0.000356043
 Distributed Cell u5->c7->l4(-10,6)->u2->c4
   Total Material
     Flux                                 0.0130654 +/- 0.000321416
 Distributed Cell u5->c7->l4(-9,6)->u2->c4
   Total Material
     Flux                                 0.0187746 +/- 0.000350669
 Distributed Cell u5->c7->l4(-8,6)->u2->c4
   Total Material
     Flux                                 0.0248765 +/- 0.000396672
 Distributed Cell u5->c7->l4(-7,6)->u2->c4
   Total Material
     Flux                                 0.0295837 +/- 0.000429009
 Distributed Cell u5->c7->l4(-6,6)->u2->c4
   Total Material
     Flux                                 0.0337065 +/- 0.000477872
 Distributed Cell u5->c7->l4(-5,6)->u2->c4
   Total Material
     Flux                                 0.0360772 +/- 0.000489363
 Distributed Cell u5->c7->l4(-4,6)->u2->c4
   Total Material
     Flux                                 0.0393334 +/- 0.000529763
 Distributed Cell u5->c7->l4(-3,6)->u2->c4
   Total Material
     Flux                                 0.0392348 +/- 0.000529807
 Distributed Cell u5->c7->l4(-2,6)->u2->c4
   Total Material
     Flux                                 0.0386215 +/- 0.000578242
 Distributed Cell u5->c7->l4(-1,6)->u2->c4
   Total Material
     Flux                                 0.0362519 +/- 0.000465949
 Distributed Cell u5->c7->l4(0,6)->u2->c4
   Total Material
     Flux                                 0.0336381 +/- 0.000474434
 Distributed Cell u5->c7->l4(1,6)->u2->c4
   Total Material
     Flux                                 0.0297425 +/- 0.000436041
 Distributed Cell u5->c7->l4(2,6)->u2->c4
   Total Material
     Flux                                 0.0243672 +/- 0.000409524
 Distributed Cell u5->c7->l4(3,6)->u2->c4
   Total Material
     Flux                                 0.018661 +/- 0.000346836
 Distributed Cell u5->c7->l4(4,6)->u2->c4
   Total Material
     Flux                                 0.0128395 +/- 0.000301092
 Distributed Cell u5->c7->l4(-9,7)->u2->c4
   Total Material
     Flux                                 0.0171782 +/- 0.000389432
 Distributed Cell u5->c7->l4(-8,7)->u2->c4
   Total Material
     Flux                                 0.0221511 +/- 0.000410797
 Distributed Cell u5->c7->l4(-7,7)->u2->c4
   Total Material
     Flux                                 0.0260239 +/- 0.000404477
 Distributed Cell u5->c7->l4(-6,7)->u2->c4
   Total Material
     Flux                                 0.0286127 +/- 0.000426249
 Distributed Cell u5->c7->l4(-5,7)->u2->c4
   Total Material
     Flux                                 0.0315911 +/- 0.000430913
 Distributed Cell u5->c7->l4(-4,7)->u2->c4
   Total Material
     Flux                                 0.0324812 +/- 0.000448315
 Distributed Cell u5->c7->l4(-3,7)->u2->c4
   Total Material
     Flux                                 0.0326257 +/- 0.000440853
 Distributed Cell u5->c7->l4(-2,7)->u2->c4
   Total Material
     Flux                                 0.0323177 +/- 0.000456705
 Distributed Cell u5->c7->l4(-1,7)->u2->c4
   Total Material
     Flux                                 0.0289288 +/- 0.000415337
 Distributed Cell u5->c7->l4(0,7)->u2->c4
   Total Material
     Flux                                 0.025176 +/- 0.000428571
 Distributed Cell u5->c7->l4(1,7)->u2->c4
   Total Material
     Flux                                 0.0212321 +/- 0.000376215
 Distributed Cell u5->c7->l4(2,7)->u2->c4
   Total Material
     Flux                                 0.0164568 +/- 0.000304989
 Distributed Cell u5->c7->l4(-9,8)->u2->c4
   Total Material
     Flux                                 0.0145255 +/- 0.000324324
 Distributed Cell u5->c7->l4(-8,8)->u2->c4
   Total Material
     Flux                                 0.0183218 +/- 0.000378938
 Distributed Cell u5->c7->l4(-7,8)->u2->c4
   Total Material
     Flux                                 0.0210707 +/- 0.000409982
 Distributed Cell u5->c7->l4(-6,8)->u2->c4
   Total Material
     Flux                                 0.0234215 +/- 0.00038349
 Distributed Cell u5->c7->l4(-5,8)->u2->c4
   Total Material
     Flux                                 0.0255008 +/- 0.000384287
 Distributed Cell u5->c7->l4(-4,8)->u2->c4
   Total Material
     Flux                                 0.0265871 +/- 0.00045208
 Distributed Cell u5->c7->l4(-3,8)->u2->c4
   Total Material
     Flux                                 0.0259838 +/- 0.000442558
 Distributed Cell u5->c7->l4(-2,8)->u2->c4
   Total Material
     Flux                                 0.0237061 +/- 0.000332956
 Distributed Cell u5->c7->l4(-1,8)->u2->c4
   Total Material
     Flux                                 0.0210789 +/- 0.000324897
 Distributed Cell u5->c7->l4(0,8)->u2->c4
   Total Material
     Flux                                 0.0180153 +/- 0.000354807
 Distributed Cell u5->c7->l4(1,8)->u2->c4
   Total Material
     Flux                                 0.0145217 +/- 0.00031092
 Distributed Cell u5->c7->l4(-9,9)->u2->c4
   Total Material
     Flux                                 0.0115518 +/- 0.000289628
 Distributed Cell u5->c7->l4(-8,9)->u2->c4
   Total Material
     Flux                                 0.0143553 +/- 0.00029969
 Distributed Cell u5->c7->l4(-7,9)->u2->c4
   Total Material
     Flux                                 0.0164579 +/- 0.000381369
 Distributed Cell u5->c7->l4(-6,9)->u2->c4
   Total Material
     Flux                                 0.0180767 +/- 0.000337033
 Distributed Cell u5->c7->l4(-5,9)->u2->c4
   Total Material
     Flux                                 0.0187979 +/- 0.000327593
 Distributed Cell u5->c7->l4(-4,9)->u2->c4
   Total Material
     Flux                                 0.0187864 +/- 0.000387592
 Distributed Cell u5->c7->l4(-3,9)->u2->c4
   Total Material
     Flux                                 0.0182777 +/- 0.000325403
 Distributed Cell u5->c7->l4(-2,9)->u2->c4
   Total Material
     Flux                                 0.0168815 +/- 0.000322986
 Distributed Cell u5->c7->l4(-1,9)->u2->c4
   Total Material
     Flux                                 0.0142092 +/- 0.000301724
 Distributed Cell u5->c7->l4(0,9)->u2->c4
   Total Material
     Flux                                 0.0117194 +/- 0.00022175
 Distributed Cell u5->c7->l4(-6,10)->u2->c4
   Total Material
     Flux                                 0.0122965 +/- 0.000268062
 Distributed Cell u5->c7->l4(-4,10)->u2->c4
   Total Material
     Flux                                 0.0126505 +/- 0.000339618
